<?xml version="1.0" encoding="UTF-8"?>
<!-- Generated by org.testng.reporters.JUnitReportReporter -->
<testsuite hostname="SITSHOST" failures="0" tests="1" name="com.herokuapp.theinternet.NegativeTests" time="18.444" errors="0" timestamp="29 Aug 2021 14:26:30 GMT" skipped="0">
  <testcase classname="com.herokuapp.theinternet.NegativeTests" name="incorrectUsernameTest" time="18.444"/>
</testsuite> <!-- com.herokuapp.theinternet.NegativeTests -->
