<?xml version="1.0" encoding="UTF-8"?>
<!-- Generated by org.testng.reporters.JUnitReportReporter -->
<testsuite hostname="SITSHOST" failures="0" tests="1" name="com.herokuapp.theinternet.PostiveTests" time="21.538" errors="0" timestamp="29 Aug 2021 13:37:42 GMT" skipped="0">
  <testcase classname="com.herokuapp.theinternet.PostiveTests" name="loginTest" time="21.538"/>
</testsuite> <!-- com.herokuapp.theinternet.PostiveTests -->
